ARM GAS  /tmp/ccKk1uzT.s 			page 1


   1              		.cpu cortex-m3
   2              		.eabi_attribute 20, 1
   3              		.eabi_attribute 21, 1
   4              		.eabi_attribute 23, 3
   5              		.eabi_attribute 24, 1
   6              		.eabi_attribute 25, 1
   7              		.eabi_attribute 26, 1
   8              		.eabi_attribute 30, 1
   9              		.eabi_attribute 34, 1
  10              		.eabi_attribute 18, 4
  11              		.file	"internalflash.c"
  12              		.text
  13              	.Ltext0:
  14              		.cfi_sections	.debug_frame
  15              		.section	.text.StmFlashReadHalfword,"ax",%progbits
  16              		.align	1
  17              		.global	StmFlashReadHalfword
  18              		.syntax unified
  19              		.thumb
  20              		.thumb_func
  21              		.fpu softvfp
  23              	StmFlashReadHalfword:
  24              	.LFB66:
  25              		.file 1 "Src/internalflash.c"
   1:Src/internalflash.c **** #include "internalflash.h"
   2:Src/internalflash.c **** 
   3:Src/internalflash.c **** uint16_t PageError=0;
   4:Src/internalflash.c **** 
   5:Src/internalflash.c **** uint16_t StmFlashReadHalfword(uint32_t WriteAddress)
   6:Src/internalflash.c **** {
  26              		.loc 1 6 0
  27              		.cfi_startproc
  28              		@ args = 0, pretend = 0, frame = 0
  29              		@ frame_needed = 0, uses_anonymous_args = 0
  30              		@ link register save eliminated.
  31              	.LVL0:
   7:Src/internalflash.c ****   uint16_t flashData = *(__IO uint16_t*)WriteAddress;
  32              		.loc 1 7 0
  33 0000 0088     		ldrh	r0, [r0]
  34              	.LVL1:
   8:Src/internalflash.c ****   return flashData;
   9:Src/internalflash.c **** }
  35              		.loc 1 9 0
  36 0002 7047     		bx	lr
  37              		.cfi_endproc
  38              	.LFE66:
  40              		.section	.text.StmFlashWrite,"ax",%progbits
  41              		.align	1
  42              		.global	StmFlashWrite
  43              		.syntax unified
  44              		.thumb
  45              		.thumb_func
  46              		.fpu softvfp
  48              	StmFlashWrite:
  49              	.LFB67:
  10:Src/internalflash.c ****   
  11:Src/internalflash.c **** void StmFlashWrite(uint32_t WriteAddress,uint16_t *buffer,uint16_t size)
ARM GAS  /tmp/ccKk1uzT.s 			page 2


  12:Src/internalflash.c **** {
  50              		.loc 1 12 0
  51              		.cfi_startproc
  52              		@ args = 0, pretend = 0, frame = 16
  53              		@ frame_needed = 0, uses_anonymous_args = 0
  54              	.LVL2:
  55 0000 F0B5     		push	{r4, r5, r6, r7, lr}
  56              	.LCFI0:
  57              		.cfi_def_cfa_offset 20
  58              		.cfi_offset 4, -20
  59              		.cfi_offset 5, -16
  60              		.cfi_offset 6, -12
  61              		.cfi_offset 7, -8
  62              		.cfi_offset 14, -4
  63 0002 85B0     		sub	sp, sp, #20
  64              	.LCFI1:
  65              		.cfi_def_cfa_offset 40
  66 0004 0546     		mov	r5, r0
  67 0006 0F46     		mov	r7, r1
  68 0008 1646     		mov	r6, r2
  13:Src/internalflash.c ****   FLASH_EraseInitTypeDef f;
  14:Src/internalflash.c ****   HAL_FLASH_Unlock();
  69              		.loc 1 14 0
  70 000a FFF7FEFF 		bl	HAL_FLASH_Unlock
  71              	.LVL3:
  15:Src/internalflash.c ****   f.TypeErase=1;
  72              		.loc 1 15 0
  73 000e 0123     		movs	r3, #1
  74 0010 0093     		str	r3, [sp]
  16:Src/internalflash.c ****   f.PageAddress=FLASH_SAVE_ADDR;
  75              		.loc 1 16 0
  76 0012 0C4A     		ldr	r2, .L6
  77 0014 0292     		str	r2, [sp, #8]
  17:Src/internalflash.c ****   f.NbPages=1;
  78              		.loc 1 17 0
  79 0016 0393     		str	r3, [sp, #12]
  18:Src/internalflash.c ****   if(HAL_FLASHEx_Erase(&f,&PageError)==HAL_OK)
  80              		.loc 1 18 0
  81 0018 0B49     		ldr	r1, .L6+4
  82 001a 6846     		mov	r0, sp
  83 001c FFF7FEFF 		bl	HAL_FLASHEx_Erase
  84              	.LVL4:
  85              	.LBB2:
  19:Src/internalflash.c ****   {  
  20:Src/internalflash.c ****   }
  21:Src/internalflash.c ****   for(int i=0;i<size;i++)
  86              		.loc 1 21 0
  87 0020 0024     		movs	r4, #0
  88 0022 08E0     		b	.L3
  89              	.LVL5:
  90              	.L4:
  22:Src/internalflash.c ****   {
  23:Src/internalflash.c ****     HAL_FLASH_Program(FLASH_TYPEPROGRAM_HALFWORD,WriteAddress,buffer[i]);
  91              		.loc 1 23 0 discriminator 3
  92 0024 37F81420 		ldrh	r2, [r7, r4, lsl #1]
  93 0028 0023     		movs	r3, #0
  94 002a 2946     		mov	r1, r5
ARM GAS  /tmp/ccKk1uzT.s 			page 3


  95 002c 0120     		movs	r0, #1
  96 002e FFF7FEFF 		bl	HAL_FLASH_Program
  97              	.LVL6:
  24:Src/internalflash.c ****     WriteAddress+=2;
  98              		.loc 1 24 0 discriminator 3
  99 0032 0235     		adds	r5, r5, #2
 100              	.LVL7:
  21:Src/internalflash.c ****   {
 101              		.loc 1 21 0 discriminator 3
 102 0034 0134     		adds	r4, r4, #1
 103              	.LVL8:
 104              	.L3:
  21:Src/internalflash.c ****   {
 105              		.loc 1 21 0 is_stmt 0 discriminator 1
 106 0036 A642     		cmp	r6, r4
 107 0038 F4DC     		bgt	.L4
 108              	.LBE2:
  25:Src/internalflash.c ****   }
  26:Src/internalflash.c ****   HAL_FLASH_Lock();
 109              		.loc 1 26 0 is_stmt 1
 110 003a FFF7FEFF 		bl	HAL_FLASH_Lock
 111              	.LVL9:
  27:Src/internalflash.c **** }
 112              		.loc 1 27 0
 113 003e 05B0     		add	sp, sp, #20
 114              	.LCFI2:
 115              		.cfi_def_cfa_offset 20
 116              		@ sp needed
 117 0040 F0BD     		pop	{r4, r5, r6, r7, pc}
 118              	.LVL10:
 119              	.L7:
 120 0042 00BF     		.align	2
 121              	.L6:
 122 0044 00F00008 		.word	134279168
 123 0048 00000000 		.word	.LANCHOR0
 124              		.cfi_endproc
 125              	.LFE67:
 127              		.section	.text.StmFlashRead,"ax",%progbits
 128              		.align	1
 129              		.global	StmFlashRead
 130              		.syntax unified
 131              		.thumb
 132              		.thumb_func
 133              		.fpu softvfp
 135              	StmFlashRead:
 136              	.LFB68:
  28:Src/internalflash.c **** 
  29:Src/internalflash.c **** 
  30:Src/internalflash.c **** void StmFlashRead(uint32_t WriteAddress,uint16_t *buffer,uint16_t size)
  31:Src/internalflash.c **** {
 137              		.loc 1 31 0
 138              		.cfi_startproc
 139              		@ args = 0, pretend = 0, frame = 0
 140              		@ frame_needed = 0, uses_anonymous_args = 0
 141              	.LVL11:
 142 0000 F8B5     		push	{r3, r4, r5, r6, r7, lr}
 143              	.LCFI3:
ARM GAS  /tmp/ccKk1uzT.s 			page 4


 144              		.cfi_def_cfa_offset 24
 145              		.cfi_offset 3, -24
 146              		.cfi_offset 4, -20
 147              		.cfi_offset 5, -16
 148              		.cfi_offset 6, -12
 149              		.cfi_offset 7, -8
 150              		.cfi_offset 14, -4
 151 0002 0546     		mov	r5, r0
 152 0004 0F46     		mov	r7, r1
 153 0006 1646     		mov	r6, r2
 154              	.LVL12:
 155              	.LBB3:
  32:Src/internalflash.c ****   
  33:Src/internalflash.c ****   for(int i=0;i<size;i++)
 156              		.loc 1 33 0
 157 0008 0024     		movs	r4, #0
 158 000a 06E0     		b	.L9
 159              	.LVL13:
 160              	.L10:
  34:Src/internalflash.c ****   {
  35:Src/internalflash.c ****     buffer[i] =StmFlashReadHalfword(WriteAddress);
 161              		.loc 1 35 0 discriminator 3
 162 000c 2846     		mov	r0, r5
 163 000e FFF7FEFF 		bl	StmFlashReadHalfword
 164              	.LVL14:
 165 0012 27F81400 		strh	r0, [r7, r4, lsl #1]	@ movhi
  36:Src/internalflash.c ****     WriteAddress+=2;
 166              		.loc 1 36 0 discriminator 3
 167 0016 0235     		adds	r5, r5, #2
 168              	.LVL15:
  33:Src/internalflash.c ****   {
 169              		.loc 1 33 0 discriminator 3
 170 0018 0134     		adds	r4, r4, #1
 171              	.LVL16:
 172              	.L9:
  33:Src/internalflash.c ****   {
 173              		.loc 1 33 0 is_stmt 0 discriminator 1
 174 001a A642     		cmp	r6, r4
 175 001c F6DC     		bgt	.L10
 176              	.LBE3:
  37:Src/internalflash.c ****   }
  38:Src/internalflash.c ****  
  39:Src/internalflash.c **** }
 177              		.loc 1 39 0 is_stmt 1
 178 001e F8BD     		pop	{r3, r4, r5, r6, r7, pc}
 179              		.cfi_endproc
 180              	.LFE68:
 182              		.global	PageError
 183              		.section	.bss.PageError,"aw",%nobits
 184              		.align	1
 185              		.set	.LANCHOR0,. + 0
 188              	PageError:
 189 0000 0000     		.space	2
 190              		.text
 191              	.Letext0:
 192              		.file 2 "/usr/bin/gcc-arm-none-eabi-7-2017-q4-major/arm-none-eabi/include/machine/_default_types.h
 193              		.file 3 "/usr/bin/gcc-arm-none-eabi-7-2017-q4-major/arm-none-eabi/include/sys/_stdint.h"
ARM GAS  /tmp/ccKk1uzT.s 			page 5


 194              		.file 4 "Drivers/CMSIS/Include/core_cm3.h"
 195              		.file 5 "Drivers/CMSIS/Device/ST/STM32F1xx/Include/system_stm32f1xx.h"
 196              		.file 6 "/usr/bin/gcc-arm-none-eabi-7-2017-q4-major/arm-none-eabi/include/sys/lock.h"
 197              		.file 7 "/usr/bin/gcc-arm-none-eabi-7-2017-q4-major/arm-none-eabi/include/sys/_types.h"
 198              		.file 8 "/usr/bin/gcc-arm-none-eabi-7-2017-q4-major/lib/gcc/arm-none-eabi/7.2.1/include/stddef.h"
 199              		.file 9 "/usr/bin/gcc-arm-none-eabi-7-2017-q4-major/arm-none-eabi/include/sys/reent.h"
 200              		.file 10 "Drivers/STM32F1xx_HAL_Driver/Inc/stm32f1xx_hal_flash_ex.h"
 201              		.file 11 "Drivers/STM32F1xx_HAL_Driver/Inc/stm32f1xx_hal_flash.h"
 202              		.file 12 "Drivers/STM32F1xx_HAL_Driver/Inc/stm32f1xx_hal_def.h"
ARM GAS  /tmp/ccKk1uzT.s 			page 6


DEFINED SYMBOLS
                            *ABS*:0000000000000000 internalflash.c
     /tmp/ccKk1uzT.s:16     .text.StmFlashReadHalfword:0000000000000000 $t
     /tmp/ccKk1uzT.s:23     .text.StmFlashReadHalfword:0000000000000000 StmFlashReadHalfword
     /tmp/ccKk1uzT.s:41     .text.StmFlashWrite:0000000000000000 $t
     /tmp/ccKk1uzT.s:48     .text.StmFlashWrite:0000000000000000 StmFlashWrite
     /tmp/ccKk1uzT.s:122    .text.StmFlashWrite:0000000000000044 $d
     /tmp/ccKk1uzT.s:128    .text.StmFlashRead:0000000000000000 $t
     /tmp/ccKk1uzT.s:135    .text.StmFlashRead:0000000000000000 StmFlashRead
     /tmp/ccKk1uzT.s:188    .bss.PageError:0000000000000000 PageError
     /tmp/ccKk1uzT.s:184    .bss.PageError:0000000000000000 $d

UNDEFINED SYMBOLS
HAL_FLASH_Unlock
HAL_FLASHEx_Erase
HAL_FLASH_Program
HAL_FLASH_Lock
