ARM GAS  /tmp/ccCaiXBY.s 			page 1


   1              		.cpu cortex-m3
   2              		.eabi_attribute 20, 1
   3              		.eabi_attribute 21, 1
   4              		.eabi_attribute 23, 3
   5              		.eabi_attribute 24, 1
   6              		.eabi_attribute 25, 1
   7              		.eabi_attribute 26, 1
   8              		.eabi_attribute 30, 1
   9              		.eabi_attribute 34, 1
  10              		.eabi_attribute 18, 4
  11              		.file	"usart.c"
  12              		.text
  13              	.Ltext0:
  14              		.cfi_sections	.debug_frame
  15              		.section	.text.MX_USART1_UART_Init,"ax",%progbits
  16              		.align	1
  17              		.global	MX_USART1_UART_Init
  18              		.syntax unified
  19              		.thumb
  20              		.thumb_func
  21              		.fpu softvfp
  23              	MX_USART1_UART_Init:
  24              	.LFB66:
  25              		.file 1 "Src/usart.c"
   1:Src/usart.c   **** /**
   2:Src/usart.c   ****   ******************************************************************************
   3:Src/usart.c   ****   * File Name          : USART.c
   4:Src/usart.c   ****   * Description        : This file provides code for the configuration
   5:Src/usart.c   ****   *                      of the USART instances.
   6:Src/usart.c   ****   ******************************************************************************
   7:Src/usart.c   ****   ** This notice applies to any and all portions of this file
   8:Src/usart.c   ****   * that are not between comment pairs USER CODE BEGIN and
   9:Src/usart.c   ****   * USER CODE END. Other portions of this file, whether 
  10:Src/usart.c   ****   * inserted by the user or by software development tools
  11:Src/usart.c   ****   * are owned by their respective copyright owners.
  12:Src/usart.c   ****   *
  13:Src/usart.c   ****   * COPYRIGHT(c) 2018 STMicroelectronics
  14:Src/usart.c   ****   *
  15:Src/usart.c   ****   * Redistribution and use in source and binary forms, with or without modification,
  16:Src/usart.c   ****   * are permitted provided that the following conditions are met:
  17:Src/usart.c   ****   *   1. Redistributions of source code must retain the above copyright notice,
  18:Src/usart.c   ****   *      this list of conditions and the following disclaimer.
  19:Src/usart.c   ****   *   2. Redistributions in binary form must reproduce the above copyright notice,
  20:Src/usart.c   ****   *      this list of conditions and the following disclaimer in the documentation
  21:Src/usart.c   ****   *      and/or other materials provided with the distribution.
  22:Src/usart.c   ****   *   3. Neither the name of STMicroelectronics nor the names of its contributors
  23:Src/usart.c   ****   *      may be used to endorse or promote products derived from this software
  24:Src/usart.c   ****   *      without specific prior written permission.
  25:Src/usart.c   ****   *
  26:Src/usart.c   ****   * THIS SOFTWARE IS PROVIDED BY THE COPYRIGHT HOLDERS AND CONTRIBUTORS "AS IS"
  27:Src/usart.c   ****   * AND ANY EXPRESS OR IMPLIED WARRANTIES, INCLUDING, BUT NOT LIMITED TO, THE
  28:Src/usart.c   ****   * IMPLIED WARRANTIES OF MERCHANTABILITY AND FITNESS FOR A PARTICULAR PURPOSE ARE
  29:Src/usart.c   ****   * DISCLAIMED. IN NO EVENT SHALL THE COPYRIGHT HOLDER OR CONTRIBUTORS BE LIABLE
  30:Src/usart.c   ****   * FOR ANY DIRECT, INDIRECT, INCIDENTAL, SPECIAL, EXEMPLARY, OR CONSEQUENTIAL
  31:Src/usart.c   ****   * DAMAGES (INCLUDING, BUT NOT LIMITED TO, PROCUREMENT OF SUBSTITUTE GOODS OR
  32:Src/usart.c   ****   * SERVICES; LOSS OF USE, DATA, OR PROFITS; OR BUSINESS INTERRUPTION) HOWEVER
  33:Src/usart.c   ****   * CAUSED AND ON ANY THEORY OF LIABILITY, WHETHER IN CONTRACT, STRICT LIABILITY,
ARM GAS  /tmp/ccCaiXBY.s 			page 2


  34:Src/usart.c   ****   * OR TORT (INCLUDING NEGLIGENCE OR OTHERWISE) ARISING IN ANY WAY OUT OF THE USE
  35:Src/usart.c   ****   * OF THIS SOFTWARE, EVEN IF ADVISED OF THE POSSIBILITY OF SUCH DAMAGE.
  36:Src/usart.c   ****   *
  37:Src/usart.c   ****   ******************************************************************************
  38:Src/usart.c   ****   */
  39:Src/usart.c   **** 
  40:Src/usart.c   **** /* Includes ------------------------------------------------------------------*/
  41:Src/usart.c   **** #include "usart.h"
  42:Src/usart.c   **** 
  43:Src/usart.c   **** #include "gpio.h"
  44:Src/usart.c   **** 
  45:Src/usart.c   **** /* USER CODE BEGIN 0 */
  46:Src/usart.c   **** 
  47:Src/usart.c   **** /* USER CODE END 0 */
  48:Src/usart.c   **** 
  49:Src/usart.c   **** UART_HandleTypeDef huart1;
  50:Src/usart.c   **** 
  51:Src/usart.c   **** /* USART1 init function */
  52:Src/usart.c   **** 
  53:Src/usart.c   **** void MX_USART1_UART_Init(void)
  54:Src/usart.c   **** {
  26              		.loc 1 54 0
  27              		.cfi_startproc
  28              		@ args = 0, pretend = 0, frame = 0
  29              		@ frame_needed = 0, uses_anonymous_args = 0
  30 0000 08B5     		push	{r3, lr}
  31              	.LCFI0:
  32              		.cfi_def_cfa_offset 8
  33              		.cfi_offset 3, -8
  34              		.cfi_offset 14, -4
  55:Src/usart.c   **** 
  56:Src/usart.c   ****   huart1.Instance = USART1;
  35              		.loc 1 56 0
  36 0002 0B48     		ldr	r0, .L5
  37 0004 0B4B     		ldr	r3, .L5+4
  38 0006 0360     		str	r3, [r0]
  57:Src/usart.c   ****   huart1.Init.BaudRate = 115200;
  39              		.loc 1 57 0
  40 0008 4FF4E133 		mov	r3, #115200
  41 000c 4360     		str	r3, [r0, #4]
  58:Src/usart.c   ****   huart1.Init.WordLength = UART_WORDLENGTH_8B;
  42              		.loc 1 58 0
  43 000e 0023     		movs	r3, #0
  44 0010 8360     		str	r3, [r0, #8]
  59:Src/usart.c   ****   huart1.Init.StopBits = UART_STOPBITS_1;
  45              		.loc 1 59 0
  46 0012 C360     		str	r3, [r0, #12]
  60:Src/usart.c   ****   huart1.Init.Parity = UART_PARITY_NONE;
  47              		.loc 1 60 0
  48 0014 0361     		str	r3, [r0, #16]
  61:Src/usart.c   ****   huart1.Init.Mode = UART_MODE_TX_RX;
  49              		.loc 1 61 0
  50 0016 0C22     		movs	r2, #12
  51 0018 4261     		str	r2, [r0, #20]
  62:Src/usart.c   ****   huart1.Init.HwFlowCtl = UART_HWCONTROL_NONE;
  52              		.loc 1 62 0
  53 001a 8361     		str	r3, [r0, #24]
ARM GAS  /tmp/ccCaiXBY.s 			page 3


  63:Src/usart.c   ****   huart1.Init.OverSampling = UART_OVERSAMPLING_16;
  54              		.loc 1 63 0
  55 001c C361     		str	r3, [r0, #28]
  64:Src/usart.c   ****   if (HAL_UART_Init(&huart1) != HAL_OK)
  56              		.loc 1 64 0
  57 001e FFF7FEFF 		bl	HAL_UART_Init
  58              	.LVL0:
  59 0022 00B9     		cbnz	r0, .L4
  60              	.L1:
  65:Src/usart.c   ****   {
  66:Src/usart.c   ****     _Error_Handler(__FILE__, __LINE__);
  67:Src/usart.c   ****   }
  68:Src/usart.c   **** 
  69:Src/usart.c   **** }
  61              		.loc 1 69 0
  62 0024 08BD     		pop	{r3, pc}
  63              	.L4:
  66:Src/usart.c   ****   }
  64              		.loc 1 66 0
  65 0026 4221     		movs	r1, #66
  66 0028 0348     		ldr	r0, .L5+8
  67 002a FFF7FEFF 		bl	_Error_Handler
  68              	.LVL1:
  69              		.loc 1 69 0
  70 002e F9E7     		b	.L1
  71              	.L6:
  72              		.align	2
  73              	.L5:
  74 0030 00000000 		.word	huart1
  75 0034 00380140 		.word	1073821696
  76 0038 00000000 		.word	.LC0
  77              		.cfi_endproc
  78              	.LFE66:
  80              		.section	.text.HAL_UART_MspInit,"ax",%progbits
  81              		.align	1
  82              		.global	HAL_UART_MspInit
  83              		.syntax unified
  84              		.thumb
  85              		.thumb_func
  86              		.fpu softvfp
  88              	HAL_UART_MspInit:
  89              	.LFB67:
  70:Src/usart.c   **** 
  71:Src/usart.c   **** void HAL_UART_MspInit(UART_HandleTypeDef* uartHandle)
  72:Src/usart.c   **** {
  90              		.loc 1 72 0
  91              		.cfi_startproc
  92              		@ args = 0, pretend = 0, frame = 24
  93              		@ frame_needed = 0, uses_anonymous_args = 0
  94              	.LVL2:
  73:Src/usart.c   **** 
  74:Src/usart.c   ****   GPIO_InitTypeDef GPIO_InitStruct;
  75:Src/usart.c   ****   if(uartHandle->Instance==USART1)
  95              		.loc 1 75 0
  96 0000 0268     		ldr	r2, [r0]
  97 0002 144B     		ldr	r3, .L14
  98 0004 9A42     		cmp	r2, r3
ARM GAS  /tmp/ccCaiXBY.s 			page 4


  99 0006 00D0     		beq	.L13
 100 0008 7047     		bx	lr
 101              	.L13:
  72:Src/usart.c   **** 
 102              		.loc 1 72 0
 103 000a 10B5     		push	{r4, lr}
 104              	.LCFI1:
 105              		.cfi_def_cfa_offset 8
 106              		.cfi_offset 4, -8
 107              		.cfi_offset 14, -4
 108 000c 86B0     		sub	sp, sp, #24
 109              	.LCFI2:
 110              		.cfi_def_cfa_offset 32
 111              	.LBB2:
  76:Src/usart.c   ****   {
  77:Src/usart.c   ****   /* USER CODE BEGIN USART1_MspInit 0 */
  78:Src/usart.c   **** 
  79:Src/usart.c   ****   /* USER CODE END USART1_MspInit 0 */
  80:Src/usart.c   ****     /* USART1 clock enable */
  81:Src/usart.c   ****     __HAL_RCC_USART1_CLK_ENABLE();
 112              		.loc 1 81 0
 113 000e 03F55843 		add	r3, r3, #55296
 114 0012 9A69     		ldr	r2, [r3, #24]
 115 0014 42F48042 		orr	r2, r2, #16384
 116 0018 9A61     		str	r2, [r3, #24]
 117 001a 9B69     		ldr	r3, [r3, #24]
 118 001c 03F48043 		and	r3, r3, #16384
 119 0020 0193     		str	r3, [sp, #4]
 120 0022 019B     		ldr	r3, [sp, #4]
 121              	.LBE2:
  82:Src/usart.c   ****   
  83:Src/usart.c   ****     /**USART1 GPIO Configuration    
  84:Src/usart.c   ****     PA9     ------> USART1_TX
  85:Src/usart.c   ****     PA10     ------> USART1_RX 
  86:Src/usart.c   ****     */
  87:Src/usart.c   ****     GPIO_InitStruct.Pin = GPIO_PIN_9;
 122              		.loc 1 87 0
 123 0024 4FF40073 		mov	r3, #512
 124 0028 0293     		str	r3, [sp, #8]
  88:Src/usart.c   ****     GPIO_InitStruct.Mode = GPIO_MODE_AF_PP;
 125              		.loc 1 88 0
 126 002a 0223     		movs	r3, #2
 127 002c 0393     		str	r3, [sp, #12]
  89:Src/usart.c   ****     GPIO_InitStruct.Speed = GPIO_SPEED_FREQ_HIGH;
 128              		.loc 1 89 0
 129 002e 0323     		movs	r3, #3
 130 0030 0593     		str	r3, [sp, #20]
  90:Src/usart.c   ****     HAL_GPIO_Init(GPIOA, &GPIO_InitStruct);
 131              		.loc 1 90 0
 132 0032 094C     		ldr	r4, .L14+4
 133 0034 02A9     		add	r1, sp, #8
 134 0036 2046     		mov	r0, r4
 135              	.LVL3:
 136 0038 FFF7FEFF 		bl	HAL_GPIO_Init
 137              	.LVL4:
  91:Src/usart.c   **** 
  92:Src/usart.c   ****     GPIO_InitStruct.Pin = GPIO_PIN_10;
ARM GAS  /tmp/ccCaiXBY.s 			page 5


 138              		.loc 1 92 0
 139 003c 4FF48063 		mov	r3, #1024
 140 0040 0293     		str	r3, [sp, #8]
  93:Src/usart.c   ****     GPIO_InitStruct.Mode = GPIO_MODE_INPUT;
 141              		.loc 1 93 0
 142 0042 0023     		movs	r3, #0
 143 0044 0393     		str	r3, [sp, #12]
  94:Src/usart.c   ****     GPIO_InitStruct.Pull = GPIO_NOPULL;
 144              		.loc 1 94 0
 145 0046 0493     		str	r3, [sp, #16]
  95:Src/usart.c   ****     HAL_GPIO_Init(GPIOA, &GPIO_InitStruct);
 146              		.loc 1 95 0
 147 0048 02A9     		add	r1, sp, #8
 148 004a 2046     		mov	r0, r4
 149 004c FFF7FEFF 		bl	HAL_GPIO_Init
 150              	.LVL5:
  96:Src/usart.c   **** 
  97:Src/usart.c   ****   /* USER CODE BEGIN USART1_MspInit 1 */
  98:Src/usart.c   **** 
  99:Src/usart.c   ****   /* USER CODE END USART1_MspInit 1 */
 100:Src/usart.c   ****   }
 101:Src/usart.c   **** }
 151              		.loc 1 101 0
 152 0050 06B0     		add	sp, sp, #24
 153              	.LCFI3:
 154              		.cfi_def_cfa_offset 8
 155              		@ sp needed
 156 0052 10BD     		pop	{r4, pc}
 157              	.L15:
 158              		.align	2
 159              	.L14:
 160 0054 00380140 		.word	1073821696
 161 0058 00080140 		.word	1073809408
 162              		.cfi_endproc
 163              	.LFE67:
 165              		.section	.text.HAL_UART_MspDeInit,"ax",%progbits
 166              		.align	1
 167              		.global	HAL_UART_MspDeInit
 168              		.syntax unified
 169              		.thumb
 170              		.thumb_func
 171              		.fpu softvfp
 173              	HAL_UART_MspDeInit:
 174              	.LFB68:
 102:Src/usart.c   **** 
 103:Src/usart.c   **** void HAL_UART_MspDeInit(UART_HandleTypeDef* uartHandle)
 104:Src/usart.c   **** {
 175              		.loc 1 104 0
 176              		.cfi_startproc
 177              		@ args = 0, pretend = 0, frame = 0
 178              		@ frame_needed = 0, uses_anonymous_args = 0
 179              	.LVL6:
 180 0000 08B5     		push	{r3, lr}
 181              	.LCFI4:
 182              		.cfi_def_cfa_offset 8
 183              		.cfi_offset 3, -8
 184              		.cfi_offset 14, -4
ARM GAS  /tmp/ccCaiXBY.s 			page 6


 105:Src/usart.c   **** 
 106:Src/usart.c   ****   if(uartHandle->Instance==USART1)
 185              		.loc 1 106 0
 186 0002 0268     		ldr	r2, [r0]
 187 0004 074B     		ldr	r3, .L20
 188 0006 9A42     		cmp	r2, r3
 189 0008 00D0     		beq	.L19
 190              	.LVL7:
 191              	.L16:
 107:Src/usart.c   ****   {
 108:Src/usart.c   ****   /* USER CODE BEGIN USART1_MspDeInit 0 */
 109:Src/usart.c   **** 
 110:Src/usart.c   ****   /* USER CODE END USART1_MspDeInit 0 */
 111:Src/usart.c   ****     /* Peripheral clock disable */
 112:Src/usart.c   ****     __HAL_RCC_USART1_CLK_DISABLE();
 113:Src/usart.c   ****   
 114:Src/usart.c   ****     /**USART1 GPIO Configuration    
 115:Src/usart.c   ****     PA9     ------> USART1_TX
 116:Src/usart.c   ****     PA10     ------> USART1_RX 
 117:Src/usart.c   ****     */
 118:Src/usart.c   ****     HAL_GPIO_DeInit(GPIOA, GPIO_PIN_9|GPIO_PIN_10);
 119:Src/usart.c   **** 
 120:Src/usart.c   ****   /* USER CODE BEGIN USART1_MspDeInit 1 */
 121:Src/usart.c   **** 
 122:Src/usart.c   ****   /* USER CODE END USART1_MspDeInit 1 */
 123:Src/usart.c   ****   }
 124:Src/usart.c   **** } 
 192              		.loc 1 124 0
 193 000a 08BD     		pop	{r3, pc}
 194              	.LVL8:
 195              	.L19:
 112:Src/usart.c   ****   
 196              		.loc 1 112 0
 197 000c 064A     		ldr	r2, .L20+4
 198 000e 9369     		ldr	r3, [r2, #24]
 199 0010 23F48043 		bic	r3, r3, #16384
 200 0014 9361     		str	r3, [r2, #24]
 118:Src/usart.c   **** 
 201              		.loc 1 118 0
 202 0016 4FF4C061 		mov	r1, #1536
 203 001a 0448     		ldr	r0, .L20+8
 204              	.LVL9:
 205 001c FFF7FEFF 		bl	HAL_GPIO_DeInit
 206              	.LVL10:
 207              		.loc 1 124 0
 208 0020 F3E7     		b	.L16
 209              	.L21:
 210 0022 00BF     		.align	2
 211              	.L20:
 212 0024 00380140 		.word	1073821696
 213 0028 00100240 		.word	1073876992
 214 002c 00080140 		.word	1073809408
 215              		.cfi_endproc
 216              	.LFE68:
 218              		.comm	huart1,64,4
 219              		.section	.rodata.MX_USART1_UART_Init.str1.4,"aMS",%progbits,1
 220              		.align	2
ARM GAS  /tmp/ccCaiXBY.s 			page 7


 221              	.LC0:
 222 0000 5372632F 		.ascii	"Src/usart.c\000"
 222      75736172 
 222      742E6300 
 223              		.text
 224              	.Letext0:
 225              		.file 2 "/usr/bin/gcc-arm-none-eabi-7-2017-q4-major/arm-none-eabi/include/machine/_default_types.h
 226              		.file 3 "/usr/bin/gcc-arm-none-eabi-7-2017-q4-major/arm-none-eabi/include/sys/_stdint.h"
 227              		.file 4 "Drivers/CMSIS/Include/core_cm3.h"
 228              		.file 5 "Drivers/CMSIS/Device/ST/STM32F1xx/Include/system_stm32f1xx.h"
 229              		.file 6 "Drivers/CMSIS/Device/ST/STM32F1xx/Include/stm32f103xb.h"
 230              		.file 7 "/usr/bin/gcc-arm-none-eabi-7-2017-q4-major/arm-none-eabi/include/sys/lock.h"
 231              		.file 8 "/usr/bin/gcc-arm-none-eabi-7-2017-q4-major/arm-none-eabi/include/sys/_types.h"
 232              		.file 9 "/usr/bin/gcc-arm-none-eabi-7-2017-q4-major/lib/gcc/arm-none-eabi/7.2.1/include/stddef.h"
 233              		.file 10 "/usr/bin/gcc-arm-none-eabi-7-2017-q4-major/arm-none-eabi/include/sys/reent.h"
 234              		.file 11 "Drivers/STM32F1xx_HAL_Driver/Inc/stm32f1xx_hal_def.h"
 235              		.file 12 "Drivers/STM32F1xx_HAL_Driver/Inc/stm32f1xx_hal_gpio.h"
 236              		.file 13 "Drivers/STM32F1xx_HAL_Driver/Inc/stm32f1xx_hal_dma.h"
 237              		.file 14 "Drivers/STM32F1xx_HAL_Driver/Inc/stm32f1xx_hal_uart.h"
 238              		.file 15 "Src/usart.h"
ARM GAS  /tmp/ccCaiXBY.s 			page 8


DEFINED SYMBOLS
                            *ABS*:0000000000000000 usart.c
     /tmp/ccCaiXBY.s:16     .text.MX_USART1_UART_Init:0000000000000000 $t
     /tmp/ccCaiXBY.s:23     .text.MX_USART1_UART_Init:0000000000000000 MX_USART1_UART_Init
     /tmp/ccCaiXBY.s:74     .text.MX_USART1_UART_Init:0000000000000030 $d
                            *COM*:0000000000000040 huart1
     /tmp/ccCaiXBY.s:81     .text.HAL_UART_MspInit:0000000000000000 $t
     /tmp/ccCaiXBY.s:88     .text.HAL_UART_MspInit:0000000000000000 HAL_UART_MspInit
     /tmp/ccCaiXBY.s:160    .text.HAL_UART_MspInit:0000000000000054 $d
     /tmp/ccCaiXBY.s:166    .text.HAL_UART_MspDeInit:0000000000000000 $t
     /tmp/ccCaiXBY.s:173    .text.HAL_UART_MspDeInit:0000000000000000 HAL_UART_MspDeInit
     /tmp/ccCaiXBY.s:212    .text.HAL_UART_MspDeInit:0000000000000024 $d
     /tmp/ccCaiXBY.s:220    .rodata.MX_USART1_UART_Init.str1.4:0000000000000000 $d

UNDEFINED SYMBOLS
HAL_UART_Init
_Error_Handler
HAL_GPIO_Init
HAL_GPIO_DeInit
